TN:
SF:config\constants.js
FNF:0
FNH:0
DA:1,3
DA:6,3
DA:11,3
DA:15,3
DA:21,3
DA:35,3
DA:41,3
DA:46,3
LF:8
LH:8
BRF:0
BRH:0
end_of_record
TN:
SF:config\passport.js
FN:13,(anonymous_0)
FNF:1
FNH:0
FNDA:0,(anonymous_0)
DA:1,1
DA:2,1
DA:3,1
DA:4,1
DA:5,1
DA:7,1
DA:12,1
DA:14,0
DA:15,0
DA:16,0
DA:17,0
DA:19,0
DA:20,0
DA:22,0
DA:24,0
LF:15
LH:7
BRDA:16,0,0,0
BRDA:16,0,1,0
BRDA:19,1,0,0
BRDA:19,1,1,0
BRF:4
BRH:0
end_of_record
TN:
SF:controllers\contacts.controller.js
FN:5,(anonymous_0)
FN:13,(anonymous_1)
FN:24,(anonymous_2)
FN:32,(anonymous_3)
FN:45,(anonymous_4)
FN:60,(anonymous_5)
FNF:6
FNH:1
FNDA:0,(anonymous_0)
FNDA:0,(anonymous_1)
FNDA:0,(anonymous_2)
FNDA:0,(anonymous_3)
FNDA:3,(anonymous_4)
FNDA:0,(anonymous_5)
DA:1,1
DA:2,1
DA:3,1
DA:5,1
DA:6,0
DA:7,0
DA:8,0
DA:13,1
DA:14,0
DA:15,0
DA:16,0
DA:17,0
DA:21,0
DA:24,1
DA:25,0
DA:26,0
DA:27,0
DA:32,1
DA:33,0
DA:34,0
DA:35,0
DA:36,0
DA:42,0
DA:45,1
DA:46,3
DA:47,3
DA:52,3
DA:53,1
DA:57,2
DA:60,1
DA:61,0
DA:62,0
DA:67,0
DA:68,0
DA:69,0
DA:73,0
DA:76,1
LF:37
LH:15
BRDA:16,0,0,0
BRDA:16,0,1,0
BRDA:35,1,0,0
BRDA:35,1,1,0
BRDA:52,2,0,1
BRDA:52,2,1,2
BRDA:68,3,0,0
BRDA:68,3,1,0
BRF:8
BRH:2
end_of_record
TN:
SF:helpers\castomError.js
FN:2,(anonymous_0)
FNF:1
FNH:1
FNDA:3,(anonymous_0)
DA:3,3
DA:4,3
DA:5,3
DA:6,3
DA:10,1
LF:5
LH:5
BRDA:2,0,0,3
BRF:1
BRH:1
end_of_record
TN:
SF:helpers\guard.js
FN:5,(anonymous_0)
FN:6,(anonymous_1)
FNF:2
FNH:2
FNDA:3,(anonymous_0)
FNDA:3,(anonymous_1)
DA:1,1
DA:2,1
DA:3,1
DA:5,1
DA:6,3
DA:7,3
DA:8,3
DA:9,2
DA:15,1
DA:16,1
DA:20,1
LF:11
LH:11
BRDA:8,0,0,2
BRDA:8,0,1,1
BRDA:8,1,0,3
BRDA:8,1,1,2
BRDA:8,1,2,2
BRF:5
BRH:5
end_of_record
TN:
SF:model\contact.js
FN:35,(anonymous_0)
FNF:1
FNH:0
FNDA:0,(anonymous_0)
DA:1,1
DA:2,1
DA:4,1
DA:6,1
DA:36,0
DA:37,0
DA:44,1
DA:46,1
DA:48,1
LF:9
LH:7
BRF:0
BRH:0
end_of_record
TN:
SF:model\user.js
FN:24,(anonymous_0)
FN:52,(anonymous_1)
FN:62,(anonymous_2)
FN:71,(anonymous_3)
FN:79,(anonymous_4)
FNF:5
FNH:0
FNDA:0,(anonymous_0)
FNDA:0,(anonymous_1)
FNDA:0,(anonymous_2)
FNDA:0,(anonymous_3)
FNDA:0,(anonymous_4)
DA:1,1
DA:2,1
DA:3,1
DA:5,1
DA:6,1
DA:10,1
DA:12,1
DA:25,0
DA:26,0
DA:53,0
DA:63,0
DA:64,0
DA:71,1
DA:72,0
DA:73,0
DA:74,0
DA:76,0
DA:79,1
DA:80,0
DA:83,1
DA:85,1
LF:21
LH:11
BRDA:72,0,0,0
BRDA:72,0,1,0
BRF:2
BRH:0
end_of_record
TN:
SF:repository\contacts.js
FN:3,(anonymous_0)
FN:33,(anonymous_1)
FN:41,(anonymous_2)
FN:49,(anonymous_3)
FN:54,(anonymous_4)
FNF:5
FNH:0
FNDA:0,(anonymous_0)
FNDA:0,(anonymous_1)
FNDA:0,(anonymous_2)
FNDA:0,(anonymous_3)
FNDA:0,(anonymous_4)
DA:1,1
DA:3,1
DA:11,0
DA:12,0
DA:14,0
DA:15,0
DA:18,0
DA:28,0
DA:29,0
DA:30,0
DA:33,1
DA:34,0
DA:38,0
DA:41,1
DA:42,0
DA:46,0
DA:49,1
DA:50,0
DA:51,0
DA:54,1
DA:55,0
DA:60,0
DA:63,1
LF:23
LH:7
BRDA:8,0,0,0
BRDA:9,1,0,0
BRDA:10,2,0,0
BRDA:14,3,0,0
BRDA:14,3,1,0
BRDA:21,4,0,0
BRDA:21,4,1,0
BRDA:23,5,0,0
BRDA:23,5,1,0
BRDA:24,6,0,0
BRDA:24,6,1,0
BRF:11
BRH:0
end_of_record
TN:
SF:repository\users.js
FN:3,(anonymous_0)
FN:7,(anonymous_1)
FN:11,(anonymous_2)
FN:16,(anonymous_3)
FN:20,(anonymous_4)
FN:28,(anonymous_5)
FNF:6
FNH:0
FNDA:0,(anonymous_0)
FNDA:0,(anonymous_1)
FNDA:0,(anonymous_2)
FNDA:0,(anonymous_3)
FNDA:0,(anonymous_4)
FNDA:0,(anonymous_5)
DA:1,1
DA:3,1
DA:4,0
DA:7,1
DA:8,0
DA:11,1
DA:12,0
DA:13,0
DA:16,1
DA:17,0
DA:20,1
DA:21,0
DA:28,1
DA:29,0
DA:32,1
LF:15
LH:8
BRF:0
BRH:0
end_of_record
